[2023-05-05 07:31:20] local.ERROR: Vite manifest not found at: /home/cabox/workspace/iisp/public/build/manifest.json {"view":{"view":"/home/cabox/workspace/iisp/resources/views/trial.blade.php","data":[]},"exception":"[object] (Spatie\\LaravelIgnition\\Exceptions\\ViewException(code: 0): Vite manifest not found at: /home/cabox/workspace/iisp/public/build/manifest.json at /home/cabox/workspace/iisp/vendor/laravel/framework/src/Illuminate/Foundation/Vite.php:684)
[stacktrace]
#0 /home/cabox/workspace/iisp/vendor/laravel/framework/src/Illuminate/Foundation/Vite.php(273): Illuminate\\Foundation\\Vite->manifest()
#1 /home/cabox/workspace/iisp/resources/views/trial.blade.php(6): Illuminate\\Foundation\\Vite->__invoke()
#2 /home/cabox/workspace/iisp/vendor/laravel/framework/src/Illuminate/Filesystem/Filesystem.php(124): require('...')
#3 /home/cabox/workspace/iisp/vendor/laravel/framework/src/Illuminate/Filesystem/Filesystem.php(125): Illuminate\\Filesystem\\Filesystem::Illuminate\\Filesystem\\{closure}()
#4 /home/cabox/workspace/iisp/vendor/laravel/framework/src/Illuminate/View/Engines/PhpEngine.php(58): Illuminate\\Filesystem\\Filesystem->getRequire()
#5 /home/cabox/workspace/iisp/vendor/laravel/framework/src/Illuminate/View/Engines/CompilerEngine.php(70): Illuminate\\View\\Engines\\PhpEngine->evaluatePath()
#6 /home/cabox/workspace/iisp/vendor/laravel/framework/src/Illuminate/View/View.php(195): Illuminate\\View\\Engines\\CompilerEngine->get()
#7 /home/cabox/workspace/iisp/vendor/laravel/framework/src/Illuminate/View/View.php(178): Illuminate\\View\\View->getContents()
#8 /home/cabox/workspace/iisp/vendor/laravel/framework/src/Illuminate/View/View.php(147): Illuminate\\View\\View->renderContents()
#9 /home/cabox/workspace/iisp/vendor/laravel/framework/src/Illuminate/Http/Response.php(69): Illuminate\\View\\View->render()
#10 /home/cabox/workspace/iisp/vendor/laravel/framework/src/Illuminate/Http/Response.php(35): Illuminate\\Http\\Response->setContent()
#11 /home/cabox/workspace/iisp/vendor/laravel/framework/src/Illuminate/Routing/Router.php(906): Illuminate\\Http\\Response->__construct()
#12 /home/cabox/workspace/iisp/vendor/laravel/framework/src/Illuminate/Routing/Router.php(875): Illuminate\\Routing\\Router::toResponse()
#13 /home/cabox/workspace/iisp/vendor/laravel/framework/src/Illuminate/Routing/Router.php(797): Illuminate\\Routing\\Router->prepareResponse()
#14 /home/cabox/workspace/iisp/vendor/laravel/framework/src/Illuminate/Pipeline/Pipeline.php(141): Illuminate\\Routing\\Router->Illuminate\\Routing\\{closure}()
#15 /home/cabox/workspace/iisp/vendor/laravel/framework/src/Illuminate/Routing/Middleware/SubstituteBindings.php(50): Illuminate\\Pipeline\\Pipeline->Illuminate\\Pipeline\\{closure}()
#16 /home/cabox/workspace/iisp/vendor/laravel/framework/src/Illuminate/Pipeline/Pipeline.php(180): Illuminate\\Routing\\Middleware\\SubstituteBindings->handle()
#17 /home/cabox/workspace/iisp/vendor/laravel/framework/src/Illuminate/Foundation/Http/Middleware/VerifyCsrfToken.php(78): Illuminate\\Pipeline\\Pipeline->Illuminate\\Pipeline\\{closure}()
#18 /home/cabox/workspace/iisp/vendor/laravel/framework/src/Illuminate/Pipeline/Pipeline.php(180): Illuminate\\Foundation\\Http\\Middleware\\VerifyCsrfToken->handle()
#19 /home/cabox/workspace/iisp/vendor/laravel/framework/src/Illuminate/View/Middleware/ShareErrorsFromSession.php(49): Illuminate\\Pipeline\\Pipeline->Illuminate\\Pipeline\\{closure}()
#20 /home/cabox/workspace/iisp/vendor/laravel/framework/src/Illuminate/Pipeline/Pipeline.php(180): Illuminate\\View\\Middleware\\ShareErrorsFromSession->handle()
#21 /home/cabox/workspace/iisp/vendor/laravel/framework/src/Illuminate/Session/Middleware/StartSession.php(121): Illuminate\\Pipeline\\Pipeline->Illuminate\\Pipeline\\{closure}()
#22 /home/cabox/workspace/iisp/vendor/laravel/framework/src/Illuminate/Session/Middleware/StartSession.php(64): Illuminate\\Session\\Middleware\\StartSession->handleStatefulRequest()
#23 /home/cabox/workspace/iisp/vendor/laravel/framework/src/Illuminate/Pipeline/Pipeline.php(180): Illuminate\\Session\\Middleware\\StartSession->handle()
#24 /home/cabox/workspace/iisp/vendor/laravel/framework/src/Illuminate/Cookie/Middleware/AddQueuedCookiesToResponse.php(37): Illuminate\\Pipeline\\Pipeline->Illuminate\\Pipeline\\{closure}()
#25 /home/cabox/workspace/iisp/vendor/laravel/framework/src/Illuminate/Pipeline/Pipeline.php(180): Illuminate\\Cookie\\Middleware\\AddQueuedCookiesToResponse->handle()
#26 /home/cabox/workspace/iisp/vendor/laravel/framework/src/Illuminate/Cookie/Middleware/EncryptCookies.php(67): Illuminate\\Pipeline\\Pipeline->Illuminate\\Pipeline\\{closure}()
#27 /home/cabox/workspace/iisp/vendor/laravel/framework/src/Illuminate/Pipeline/Pipeline.php(180): Illuminate\\Cookie\\Middleware\\EncryptCookies->handle()
#28 /home/cabox/workspace/iisp/vendor/laravel/framework/src/Illuminate/Pipeline/Pipeline.php(116): Illuminate\\Pipeline\\Pipeline->Illuminate\\Pipeline\\{closure}()
#29 /home/cabox/workspace/iisp/vendor/laravel/framework/src/Illuminate/Routing/Router.php(797): Illuminate\\Pipeline\\Pipeline->then()
#30 /home/cabox/workspace/iisp/vendor/laravel/framework/src/Illuminate/Routing/Router.php(776): Illuminate\\Routing\\Router->runRouteWithinStack()
#31 /home/cabox/workspace/iisp/vendor/laravel/framework/src/Illuminate/Routing/Router.php(740): Illuminate\\Routing\\Router->runRoute()
#32 /home/cabox/workspace/iisp/vendor/laravel/framework/src/Illuminate/Routing/Router.php(729): Illuminate\\Routing\\Router->dispatchToRoute()
#33 /home/cabox/workspace/iisp/vendor/laravel/framework/src/Illuminate/Foundation/Http/Kernel.php(200): Illuminate\\Routing\\Router->dispatch()
#34 /home/cabox/workspace/iisp/vendor/laravel/framework/src/Illuminate/Pipeline/Pipeline.php(141): Illuminate\\Foundation\\Http\\Kernel->Illuminate\\Foundation\\Http\\{closure}()
#35 /home/cabox/workspace/iisp/vendor/laravel/framework/src/Illuminate/Foundation/Http/Middleware/TransformsRequest.php(21): Illuminate\\Pipeline\\Pipeline->Illuminate\\Pipeline\\{closure}()
#36 /home/cabox/workspace/iisp/vendor/laravel/framework/src/Illuminate/Foundation/Http/Middleware/ConvertEmptyStringsToNull.php(31): Illuminate\\Foundation\\Http\\Middleware\\TransformsRequest->handle()
#37 /home/cabox/workspace/iisp/vendor/laravel/framework/src/Illuminate/Pipeline/Pipeline.php(180): Illuminate\\Foundation\\Http\\Middleware\\ConvertEmptyStringsToNull->handle()
#38 /home/cabox/workspace/iisp/vendor/laravel/framework/src/Illuminate/Foundation/Http/Middleware/TransformsRequest.php(21): Illuminate\\Pipeline\\Pipeline->Illuminate\\Pipeline\\{closure}()
#39 /home/cabox/workspace/iisp/vendor/laravel/framework/src/Illuminate/Foundation/Http/Middleware/TrimStrings.php(40): Illuminate\\Foundation\\Http\\Middleware\\TransformsRequest->handle()
#40 /home/cabox/workspace/iisp/vendor/laravel/framework/src/Illuminate/Pipeline/Pipeline.php(180): Illuminate\\Foundation\\Http\\Middleware\\TrimStrings->handle()
#41 /home/cabox/workspace/iisp/vendor/laravel/framework/src/Illuminate/Foundation/Http/Middleware/ValidatePostSize.php(27): Illuminate\\Pipeline\\Pipeline->Illuminate\\Pipeline\\{closure}()
#42 /home/cabox/workspace/iisp/vendor/laravel/framework/src/Illuminate/Pipeline/Pipeline.php(180): Illuminate\\Foundation\\Http\\Middleware\\ValidatePostSize->handle()
#43 /home/cabox/workspace/iisp/vendor/laravel/framework/src/Illuminate/Foundation/Http/Middleware/PreventRequestsDuringMaintenance.php(86): Illuminate\\Pipeline\\Pipeline->Illuminate\\Pipeline\\{closure}()
#44 /home/cabox/workspace/iisp/vendor/laravel/framework/src/Illuminate/Pipeline/Pipeline.php(180): Illuminate\\Foundation\\Http\\Middleware\\PreventRequestsDuringMaintenance->handle()
#45 /home/cabox/workspace/iisp/vendor/laravel/framework/src/Illuminate/Http/Middleware/HandleCors.php(49): Illuminate\\Pipeline\\Pipeline->Illuminate\\Pipeline\\{closure}()
#46 /home/cabox/workspace/iisp/vendor/laravel/framework/src/Illuminate/Pipeline/Pipeline.php(180): Illuminate\\Http\\Middleware\\HandleCors->handle()
#47 /home/cabox/workspace/iisp/vendor/laravel/framework/src/Illuminate/Http/Middleware/TrustProxies.php(39): Illuminate\\Pipeline\\Pipeline->Illuminate\\Pipeline\\{closure}()
#48 /home/cabox/workspace/iisp/vendor/laravel/framework/src/Illuminate/Pipeline/Pipeline.php(180): Illuminate\\Http\\Middleware\\TrustProxies->handle()
#49 /home/cabox/workspace/iisp/vendor/laravel/framework/src/Illuminate/Pipeline/Pipeline.php(116): Illuminate\\Pipeline\\Pipeline->Illuminate\\Pipeline\\{closure}()
#50 /home/cabox/workspace/iisp/vendor/laravel/framework/src/Illuminate/Foundation/Http/Kernel.php(175): Illuminate\\Pipeline\\Pipeline->then()
#51 /home/cabox/workspace/iisp/vendor/laravel/framework/src/Illuminate/Foundation/Http/Kernel.php(144): Illuminate\\Foundation\\Http\\Kernel->sendRequestThroughRouter()
#52 /home/cabox/workspace/iisp/public/index.php(51): Illuminate\\Foundation\\Http\\Kernel->handle()
#53 /home/cabox/workspace/iisp/vendor/laravel/framework/src/Illuminate/Foundation/resources/server.php(16): require_once('...')
#54 {main}

[previous exception] [object] (Exception(code: 0): Vite manifest not found at: /home/cabox/workspace/iisp/public/build/manifest.json at /home/cabox/workspace/iisp/vendor/laravel/framework/src/Illuminate/Foundation/Vite.php:684)
[stacktrace]
#0 /home/cabox/workspace/iisp/vendor/laravel/framework/src/Illuminate/Foundation/Vite.php(273): Illuminate\\Foundation\\Vite->manifest()
#1 /home/cabox/workspace/iisp/storage/framework/views/33d47142a38c5524d6a7cd237a7d68dc.php(6): Illuminate\\Foundation\\Vite->__invoke()
#2 /home/cabox/workspace/iisp/vendor/laravel/framework/src/Illuminate/Filesystem/Filesystem.php(124): require('...')
#3 /home/cabox/workspace/iisp/vendor/laravel/framework/src/Illuminate/Filesystem/Filesystem.php(125): Illuminate\\Filesystem\\Filesystem::Illuminate\\Filesystem\\{closure}()
#4 /home/cabox/workspace/iisp/vendor/laravel/framework/src/Illuminate/View/Engines/PhpEngine.php(58): Illuminate\\Filesystem\\Filesystem->getRequire()
#5 /home/cabox/workspace/iisp/vendor/laravel/framework/src/Illuminate/View/Engines/CompilerEngine.php(70): Illuminate\\View\\Engines\\PhpEngine->evaluatePath()
#6 /home/cabox/workspace/iisp/vendor/laravel/framework/src/Illuminate/View/View.php(195): Illuminate\\View\\Engines\\CompilerEngine->get()
#7 /home/cabox/workspace/iisp/vendor/laravel/framework/src/Illuminate/View/View.php(178): Illuminate\\View\\View->getContents()
#8 /home/cabox/workspace/iisp/vendor/laravel/framework/src/Illuminate/View/View.php(147): Illuminate\\View\\View->renderContents()
#9 /home/cabox/workspace/iisp/vendor/laravel/framework/src/Illuminate/Http/Response.php(69): Illuminate\\View\\View->render()
#10 /home/cabox/workspace/iisp/vendor/laravel/framework/src/Illuminate/Http/Response.php(35): Illuminate\\Http\\Response->setContent()
#11 /home/cabox/workspace/iisp/vendor/laravel/framework/src/Illuminate/Routing/Router.php(906): Illuminate\\Http\\Response->__construct()
#12 /home/cabox/workspace/iisp/vendor/laravel/framework/src/Illuminate/Routing/Router.php(875): Illuminate\\Routing\\Router::toResponse()
#13 /home/cabox/workspace/iisp/vendor/laravel/framework/src/Illuminate/Routing/Router.php(797): Illuminate\\Routing\\Router->prepareResponse()
#14 /home/cabox/workspace/iisp/vendor/laravel/framework/src/Illuminate/Pipeline/Pipeline.php(141): Illuminate\\Routing\\Router->Illuminate\\Routing\\{closure}()
#15 /home/cabox/workspace/iisp/vendor/laravel/framework/src/Illuminate/Routing/Middleware/SubstituteBindings.php(50): Illuminate\\Pipeline\\Pipeline->Illuminate\\Pipeline\\{closure}()
#16 /home/cabox/workspace/iisp/vendor/laravel/framework/src/Illuminate/Pipeline/Pipeline.php(180): Illuminate\\Routing\\Middleware\\SubstituteBindings->handle()
#17 /home/cabox/workspace/iisp/vendor/laravel/framework/src/Illuminate/Foundation/Http/Middleware/VerifyCsrfToken.php(78): Illuminate\\Pipeline\\Pipeline->Illuminate\\Pipeline\\{closure}()
#18 /home/cabox/workspace/iisp/vendor/laravel/framework/src/Illuminate/Pipeline/Pipeline.php(180): Illuminate\\Foundation\\Http\\Middleware\\VerifyCsrfToken->handle()
#19 /home/cabox/workspace/iisp/vendor/laravel/framework/src/Illuminate/View/Middleware/ShareErrorsFromSession.php(49): Illuminate\\Pipeline\\Pipeline->Illuminate\\Pipeline\\{closure}()
#20 /home/cabox/workspace/iisp/vendor/laravel/framework/src/Illuminate/Pipeline/Pipeline.php(180): Illuminate\\View\\Middleware\\ShareErrorsFromSession->handle()
#21 /home/cabox/workspace/iisp/vendor/laravel/framework/src/Illuminate/Session/Middleware/StartSession.php(121): Illuminate\\Pipeline\\Pipeline->Illuminate\\Pipeline\\{closure}()
#22 /home/cabox/workspace/iisp/vendor/laravel/framework/src/Illuminate/Session/Middleware/StartSession.php(64): Illuminate\\Session\\Middleware\\StartSession->handleStatefulRequest()
#23 /home/cabox/workspace/iisp/vendor/laravel/framework/src/Illuminate/Pipeline/Pipeline.php(180): Illuminate\\Session\\Middleware\\StartSession->handle()
#24 /home/cabox/workspace/iisp/vendor/laravel/framework/src/Illuminate/Cookie/Middleware/AddQueuedCookiesToResponse.php(37): Illuminate\\Pipeline\\Pipeline->Illuminate\\Pipeline\\{closure}()
#25 /home/cabox/workspace/iisp/vendor/laravel/framework/src/Illuminate/Pipeline/Pipeline.php(180): Illuminate\\Cookie\\Middleware\\AddQueuedCookiesToResponse->handle()
#26 /home/cabox/workspace/iisp/vendor/laravel/framework/src/Illuminate/Cookie/Middleware/EncryptCookies.php(67): Illuminate\\Pipeline\\Pipeline->Illuminate\\Pipeline\\{closure}()
#27 /home/cabox/workspace/iisp/vendor/laravel/framework/src/Illuminate/Pipeline/Pipeline.php(180): Illuminate\\Cookie\\Middleware\\EncryptCookies->handle()
#28 /home/cabox/workspace/iisp/vendor/laravel/framework/src/Illuminate/Pipeline/Pipeline.php(116): Illuminate\\Pipeline\\Pipeline->Illuminate\\Pipeline\\{closure}()
#29 /home/cabox/workspace/iisp/vendor/laravel/framework/src/Illuminate/Routing/Router.php(797): Illuminate\\Pipeline\\Pipeline->then()
#30 /home/cabox/workspace/iisp/vendor/laravel/framework/src/Illuminate/Routing/Router.php(776): Illuminate\\Routing\\Router->runRouteWithinStack()
#31 /home/cabox/workspace/iisp/vendor/laravel/framework/src/Illuminate/Routing/Router.php(740): Illuminate\\Routing\\Router->runRoute()
#32 /home/cabox/workspace/iisp/vendor/laravel/framework/src/Illuminate/Routing/Router.php(729): Illuminate\\Routing\\Router->dispatchToRoute()
#33 /home/cabox/workspace/iisp/vendor/laravel/framework/src/Illuminate/Foundation/Http/Kernel.php(200): Illuminate\\Routing\\Router->dispatch()
#34 /home/cabox/workspace/iisp/vendor/laravel/framework/src/Illuminate/Pipeline/Pipeline.php(141): Illuminate\\Foundation\\Http\\Kernel->Illuminate\\Foundation\\Http\\{closure}()
#35 /home/cabox/workspace/iisp/vendor/laravel/framework/src/Illuminate/Foundation/Http/Middleware/TransformsRequest.php(21): Illuminate\\Pipeline\\Pipeline->Illuminate\\Pipeline\\{closure}()
#36 /home/cabox/workspace/iisp/vendor/laravel/framework/src/Illuminate/Foundation/Http/Middleware/ConvertEmptyStringsToNull.php(31): Illuminate\\Foundation\\Http\\Middleware\\TransformsRequest->handle()
#37 /home/cabox/workspace/iisp/vendor/laravel/framework/src/Illuminate/Pipeline/Pipeline.php(180): Illuminate\\Foundation\\Http\\Middleware\\ConvertEmptyStringsToNull->handle()
#38 /home/cabox/workspace/iisp/vendor/laravel/framework/src/Illuminate/Foundation/Http/Middleware/TransformsRequest.php(21): Illuminate\\Pipeline\\Pipeline->Illuminate\\Pipeline\\{closure}()
#39 /home/cabox/workspace/iisp/vendor/laravel/framework/src/Illuminate/Foundation/Http/Middleware/TrimStrings.php(40): Illuminate\\Foundation\\Http\\Middleware\\TransformsRequest->handle()
#40 /home/cabox/workspace/iisp/vendor/laravel/framework/src/Illuminate/Pipeline/Pipeline.php(180): Illuminate\\Foundation\\Http\\Middleware\\TrimStrings->handle()
#41 /home/cabox/workspace/iisp/vendor/laravel/framework/src/Illuminate/Foundation/Http/Middleware/ValidatePostSize.php(27): Illuminate\\Pipeline\\Pipeline->Illuminate\\Pipeline\\{closure}()
#42 /home/cabox/workspace/iisp/vendor/laravel/framework/src/Illuminate/Pipeline/Pipeline.php(180): Illuminate\\Foundation\\Http\\Middleware\\ValidatePostSize->handle()
#43 /home/cabox/workspace/iisp/vendor/laravel/framework/src/Illuminate/Foundation/Http/Middleware/PreventRequestsDuringMaintenance.php(86): Illuminate\\Pipeline\\Pipeline->Illuminate\\Pipeline\\{closure}()
#44 /home/cabox/workspace/iisp/vendor/laravel/framework/src/Illuminate/Pipeline/Pipeline.php(180): Illuminate\\Foundation\\Http\\Middleware\\PreventRequestsDuringMaintenance->handle()
#45 /home/cabox/workspace/iisp/vendor/laravel/framework/src/Illuminate/Http/Middleware/HandleCors.php(49): Illuminate\\Pipeline\\Pipeline->Illuminate\\Pipeline\\{closure}()
#46 /home/cabox/workspace/iisp/vendor/laravel/framework/src/Illuminate/Pipeline/Pipeline.php(180): Illuminate\\Http\\Middleware\\HandleCors->handle()
#47 /home/cabox/workspace/iisp/vendor/laravel/framework/src/Illuminate/Http/Middleware/TrustProxies.php(39): Illuminate\\Pipeline\\Pipeline->Illuminate\\Pipeline\\{closure}()
#48 /home/cabox/workspace/iisp/vendor/laravel/framework/src/Illuminate/Pipeline/Pipeline.php(180): Illuminate\\Http\\Middleware\\TrustProxies->handle()
#49 /home/cabox/workspace/iisp/vendor/laravel/framework/src/Illuminate/Pipeline/Pipeline.php(116): Illuminate\\Pipeline\\Pipeline->Illuminate\\Pipeline\\{closure}()
#50 /home/cabox/workspace/iisp/vendor/laravel/framework/src/Illuminate/Foundation/Http/Kernel.php(175): Illuminate\\Pipeline\\Pipeline->then()
#51 /home/cabox/workspace/iisp/vendor/laravel/framework/src/Illuminate/Foundation/Http/Kernel.php(144): Illuminate\\Foundation\\Http\\Kernel->sendRequestThroughRouter()
#52 /home/cabox/workspace/iisp/public/index.php(51): Illuminate\\Foundation\\Http\\Kernel->handle()
#53 /home/cabox/workspace/iisp/vendor/laravel/framework/src/Illuminate/Foundation/resources/server.php(16): require_once('...')
#54 {main}
"} 
[2023-05-05 09:46:08] local.ERROR: syntax error, unexpected token ",", expecting end of file {"exception":"[object] (ParseError(code: 0): syntax error, unexpected token \",\", expecting end of file at /home/cabox/workspace/iisp/routes/web.php:5)
[stacktrace]
#0 /home/cabox/workspace/iisp/vendor/laravel/framework/src/Illuminate/Routing/Router.php(503): Illuminate\\Routing\\RouteFileRegistrar->register()
#1 /home/cabox/workspace/iisp/vendor/laravel/framework/src/Illuminate/Routing/Router.php(457): Illuminate\\Routing\\Router->loadRoutes()
#2 /home/cabox/workspace/iisp/vendor/laravel/framework/src/Illuminate/Routing/RouteRegistrar.php(192): Illuminate\\Routing\\Router->group()
#3 /home/cabox/workspace/iisp/app/Providers/RouteServiceProvider.php(37): Illuminate\\Routing\\RouteRegistrar->group()
#4 /home/cabox/workspace/iisp/vendor/laravel/framework/src/Illuminate/Container/BoundMethod.php(36): App\\Providers\\RouteServiceProvider->App\\Providers\\{closure}()
#5 /home/cabox/workspace/iisp/vendor/laravel/framework/src/Illuminate/Container/Util.php(41): Illuminate\\Container\\BoundMethod::Illuminate\\Container\\{closure}()
#6 /home/cabox/workspace/iisp/vendor/laravel/framework/src/Illuminate/Container/BoundMethod.php(81): Illuminate\\Container\\Util::unwrapIfClosure()
#7 /home/cabox/workspace/iisp/vendor/laravel/framework/src/Illuminate/Container/BoundMethod.php(35): Illuminate\\Container\\BoundMethod::callBoundMethod()
#8 /home/cabox/workspace/iisp/vendor/laravel/framework/src/Illuminate/Container/Container.php(662): Illuminate\\Container\\BoundMethod::call()
#9 /home/cabox/workspace/iisp/vendor/laravel/framework/src/Illuminate/Foundation/Support/Providers/RouteServiceProvider.php(120): Illuminate\\Container\\Container->call()
#10 /home/cabox/workspace/iisp/vendor/laravel/framework/src/Illuminate/Foundation/Support/Providers/RouteServiceProvider.php(45): Illuminate\\Foundation\\Support\\Providers\\RouteServiceProvider->loadRoutes()
#11 /home/cabox/workspace/iisp/vendor/laravel/framework/src/Illuminate/Container/BoundMethod.php(36): Illuminate\\Foundation\\Support\\Providers\\RouteServiceProvider->Illuminate\\Foundation\\Support\\Providers\\{closure}()
#12 /home/cabox/workspace/iisp/vendor/laravel/framework/src/Illuminate/Container/Util.php(41): Illuminate\\Container\\BoundMethod::Illuminate\\Container\\{closure}()
#13 /home/cabox/workspace/iisp/vendor/laravel/framework/src/Illuminate/Container/BoundMethod.php(81): Illuminate\\Container\\Util::unwrapIfClosure()
#14 /home/cabox/workspace/iisp/vendor/laravel/framework/src/Illuminate/Container/BoundMethod.php(35): Illuminate\\Container\\BoundMethod::callBoundMethod()
#15 /home/cabox/workspace/iisp/vendor/laravel/framework/src/Illuminate/Container/Container.php(662): Illuminate\\Container\\BoundMethod::call()
#16 /home/cabox/workspace/iisp/vendor/laravel/framework/src/Illuminate/Support/ServiceProvider.php(119): Illuminate\\Container\\Container->call()
#17 /home/cabox/workspace/iisp/vendor/laravel/framework/src/Illuminate/Foundation/Application.php(1009): Illuminate\\Support\\ServiceProvider->callBootedCallbacks()
#18 /home/cabox/workspace/iisp/vendor/laravel/framework/src/Illuminate/Foundation/Application.php(987): Illuminate\\Foundation\\Application->bootProvider()
#19 [internal function]: Illuminate\\Foundation\\Application->Illuminate\\Foundation\\{closure}()
#20 /home/cabox/workspace/iisp/vendor/laravel/framework/src/Illuminate/Foundation/Application.php(986): array_walk()
#21 /home/cabox/workspace/iisp/vendor/laravel/framework/src/Illuminate/Foundation/Bootstrap/BootProviders.php(17): Illuminate\\Foundation\\Application->boot()
#22 /home/cabox/workspace/iisp/vendor/laravel/framework/src/Illuminate/Foundation/Application.php(261): Illuminate\\Foundation\\Bootstrap\\BootProviders->bootstrap()
#23 /home/cabox/workspace/iisp/vendor/laravel/framework/src/Illuminate/Foundation/Http/Kernel.php(186): Illuminate\\Foundation\\Application->bootstrapWith()
#24 /home/cabox/workspace/iisp/vendor/laravel/framework/src/Illuminate/Foundation/Http/Kernel.php(170): Illuminate\\Foundation\\Http\\Kernel->bootstrap()
#25 /home/cabox/workspace/iisp/vendor/laravel/framework/src/Illuminate/Foundation/Http/Kernel.php(144): Illuminate\\Foundation\\Http\\Kernel->sendRequestThroughRouter()
#26 /home/cabox/workspace/iisp/public/index.php(51): Illuminate\\Foundation\\Http\\Kernel->handle()
#27 /home/cabox/workspace/iisp/vendor/laravel/framework/src/Illuminate/Foundation/resources/server.php(16): require_once('...')
#28 {main}
"} 
[2023-05-05 09:46:30] local.ERROR: syntax error, unexpected token "]" {"exception":"[object] (ParseError(code: 0): syntax error, unexpected token \"]\" at /home/cabox/workspace/iisp/routes/web.php:43)
[stacktrace]
#0 /home/cabox/workspace/iisp/vendor/laravel/framework/src/Illuminate/Routing/Router.php(503): Illuminate\\Routing\\RouteFileRegistrar->register()
#1 /home/cabox/workspace/iisp/vendor/laravel/framework/src/Illuminate/Routing/Router.php(457): Illuminate\\Routing\\Router->loadRoutes()
#2 /home/cabox/workspace/iisp/vendor/laravel/framework/src/Illuminate/Routing/RouteRegistrar.php(192): Illuminate\\Routing\\Router->group()
#3 /home/cabox/workspace/iisp/app/Providers/RouteServiceProvider.php(37): Illuminate\\Routing\\RouteRegistrar->group()
#4 /home/cabox/workspace/iisp/vendor/laravel/framework/src/Illuminate/Container/BoundMethod.php(36): App\\Providers\\RouteServiceProvider->App\\Providers\\{closure}()
#5 /home/cabox/workspace/iisp/vendor/laravel/framework/src/Illuminate/Container/Util.php(41): Illuminate\\Container\\BoundMethod::Illuminate\\Container\\{closure}()
#6 /home/cabox/workspace/iisp/vendor/laravel/framework/src/Illuminate/Container/BoundMethod.php(81): Illuminate\\Container\\Util::unwrapIfClosure()
#7 /home/cabox/workspace/iisp/vendor/laravel/framework/src/Illuminate/Container/BoundMethod.php(35): Illuminate\\Container\\BoundMethod::callBoundMethod()
#8 /home/cabox/workspace/iisp/vendor/laravel/framework/src/Illuminate/Container/Container.php(662): Illuminate\\Container\\BoundMethod::call()
#9 /home/cabox/workspace/iisp/vendor/laravel/framework/src/Illuminate/Foundation/Support/Providers/RouteServiceProvider.php(120): Illuminate\\Container\\Container->call()
#10 /home/cabox/workspace/iisp/vendor/laravel/framework/src/Illuminate/Foundation/Support/Providers/RouteServiceProvider.php(45): Illuminate\\Foundation\\Support\\Providers\\RouteServiceProvider->loadRoutes()
#11 /home/cabox/workspace/iisp/vendor/laravel/framework/src/Illuminate/Container/BoundMethod.php(36): Illuminate\\Foundation\\Support\\Providers\\RouteServiceProvider->Illuminate\\Foundation\\Support\\Providers\\{closure}()
#12 /home/cabox/workspace/iisp/vendor/laravel/framework/src/Illuminate/Container/Util.php(41): Illuminate\\Container\\BoundMethod::Illuminate\\Container\\{closure}()
#13 /home/cabox/workspace/iisp/vendor/laravel/framework/src/Illuminate/Container/BoundMethod.php(81): Illuminate\\Container\\Util::unwrapIfClosure()
#14 /home/cabox/workspace/iisp/vendor/laravel/framework/src/Illuminate/Container/BoundMethod.php(35): Illuminate\\Container\\BoundMethod::callBoundMethod()
#15 /home/cabox/workspace/iisp/vendor/laravel/framework/src/Illuminate/Container/Container.php(662): Illuminate\\Container\\BoundMethod::call()
#16 /home/cabox/workspace/iisp/vendor/laravel/framework/src/Illuminate/Support/ServiceProvider.php(119): Illuminate\\Container\\Container->call()
#17 /home/cabox/workspace/iisp/vendor/laravel/framework/src/Illuminate/Foundation/Application.php(1009): Illuminate\\Support\\ServiceProvider->callBootedCallbacks()
#18 /home/cabox/workspace/iisp/vendor/laravel/framework/src/Illuminate/Foundation/Application.php(987): Illuminate\\Foundation\\Application->bootProvider()
#19 [internal function]: Illuminate\\Foundation\\Application->Illuminate\\Foundation\\{closure}()
#20 /home/cabox/workspace/iisp/vendor/laravel/framework/src/Illuminate/Foundation/Application.php(986): array_walk()
#21 /home/cabox/workspace/iisp/vendor/laravel/framework/src/Illuminate/Foundation/Bootstrap/BootProviders.php(17): Illuminate\\Foundation\\Application->boot()
#22 /home/cabox/workspace/iisp/vendor/laravel/framework/src/Illuminate/Foundation/Application.php(261): Illuminate\\Foundation\\Bootstrap\\BootProviders->bootstrap()
#23 /home/cabox/workspace/iisp/vendor/laravel/framework/src/Illuminate/Foundation/Http/Kernel.php(186): Illuminate\\Foundation\\Application->bootstrapWith()
#24 /home/cabox/workspace/iisp/vendor/laravel/framework/src/Illuminate/Foundation/Http/Kernel.php(170): Illuminate\\Foundation\\Http\\Kernel->bootstrap()
#25 /home/cabox/workspace/iisp/vendor/laravel/framework/src/Illuminate/Foundation/Http/Kernel.php(144): Illuminate\\Foundation\\Http\\Kernel->sendRequestThroughRouter()
#26 /home/cabox/workspace/iisp/public/index.php(51): Illuminate\\Foundation\\Http\\Kernel->handle()
#27 /home/cabox/workspace/iisp/vendor/laravel/framework/src/Illuminate/Foundation/resources/server.php(16): require_once('...')
#28 {main}
"} 
[2023-05-05 09:46:59] local.ERROR: Cannot use Illuminate\Http\Request as Request because the name is already in use {"exception":"[object] (Symfony\\Component\\ErrorHandler\\Error\\FatalError(code: 0): Cannot use Illuminate\\Http\\Request as Request because the name is already in use at /home/cabox/workspace/iisp/routes/web.php:5)
[stacktrace]
#0 /home/cabox/workspace/iisp/vendor/laravel/framework/src/Illuminate/Foundation/Bootstrap/HandleExceptions.php(243): Symfony\\Component\\ErrorHandler\\Error\\FatalError->__construct(message: '...', code: '...', error: '...', traceOffset: '...', traceArgs: '...', trace: '...')
#1 /home/cabox/workspace/iisp/vendor/laravel/framework/src/Illuminate/Foundation/Bootstrap/HandleExceptions.php(230): Illuminate\\Foundation\\Bootstrap\\HandleExceptions->fatalErrorFromPhpError(error: '...', traceOffset: '...')
#2 /home/cabox/workspace/iisp/vendor/laravel/framework/src/Illuminate/Foundation/Bootstrap/HandleExceptions.php(254): Illuminate\\Foundation\\Bootstrap\\HandleExceptions->handleShutdown()
#3 /home/cabox/workspace/iisp/vendor/laravel/framework/src/Illuminate/Foundation/Bootstrap/HandleExceptions.php(0): Illuminate\\Foundation\\Bootstrap\\HandleExceptions->Illuminate\\Foundation\\Bootstrap\\{closure:/home/cabox/workspace/iisp/vendor/laravel/framework/src/Illuminate/Foundation/Bootstrap/HandleExceptions.php:253-255}()
#4 /home/cabox/workspace/iisp/vendor/laravel/framework/src/Illuminate/Routing/Router.php(503): Illuminate\\Routing\\RouteFileRegistrar->register(routes: '...')
#5 /home/cabox/workspace/iisp/vendor/laravel/framework/src/Illuminate/Routing/Router.php(457): Illuminate\\Routing\\Router->loadRoutes(routes: '...')
#6 /home/cabox/workspace/iisp/vendor/laravel/framework/src/Illuminate/Routing/RouteRegistrar.php(192): Illuminate\\Routing\\Router->group(attributes: '...', routes: '...')
#7 /home/cabox/workspace/iisp/app/Providers/RouteServiceProvider.php(37): Illuminate\\Routing\\RouteRegistrar->group(callback: '...')
#8 /home/cabox/workspace/iisp/vendor/laravel/framework/src/Illuminate/Container/BoundMethod.php(36): App\\Providers\\RouteServiceProvider->App\\Providers\\{closure:/home/cabox/workspace/iisp/app/Providers/RouteServiceProvider.php:31-38}()
#9 /home/cabox/workspace/iisp/vendor/laravel/framework/src/Illuminate/Container/Util.php(41): Illuminate\\Container\\BoundMethod::Illuminate\\Container\\{closure:/home/cabox/workspace/iisp/vendor/laravel/framework/src/Illuminate/Container/BoundMethod.php:35-37}()
#10 /home/cabox/workspace/iisp/vendor/laravel/framework/src/Illuminate/Container/BoundMethod.php(81): Illuminate\\Container\\Util::unwrapIfClosure(value: '...')
#11 /home/cabox/workspace/iisp/vendor/laravel/framework/src/Illuminate/Container/BoundMethod.php(35): Illuminate\\Container\\BoundMethod::callBoundMethod(container: '...', callback: '...', default: '...')
#12 /home/cabox/workspace/iisp/vendor/laravel/framework/src/Illuminate/Container/Container.php(662): Illuminate\\Container\\BoundMethod::call(container: '...', callback: '...', parameters: '...', defaultMethod: '...')
#13 /home/cabox/workspace/iisp/vendor/laravel/framework/src/Illuminate/Foundation/Support/Providers/RouteServiceProvider.php(120): Illuminate\\Foundation\\Application->call(callback: '...', parameters: '...', defaultMethod: '...')
#14 /home/cabox/workspace/iisp/vendor/laravel/framework/src/Illuminate/Foundation/Support/Providers/RouteServiceProvider.php(45): App\\Providers\\RouteServiceProvider->loadRoutes()
#15 /home/cabox/workspace/iisp/vendor/laravel/framework/src/Illuminate/Container/BoundMethod.php(36): App\\Providers\\RouteServiceProvider->Illuminate\\Foundation\\Support\\Providers\\{closure:/home/cabox/workspace/iisp/vendor/laravel/framework/src/Illuminate/Foundation/Support/Providers/RouteServiceProvider.php:39-52}()
#16 /home/cabox/workspace/iisp/vendor/laravel/framework/src/Illuminate/Container/Util.php(41): Illuminate\\Container\\BoundMethod::Illuminate\\Container\\{closure:/home/cabox/workspace/iisp/vendor/laravel/framework/src/Illuminate/Container/BoundMethod.php:35-37}()
#17 /home/cabox/workspace/iisp/vendor/laravel/framework/src/Illuminate/Container/BoundMethod.php(81): Illuminate\\Container\\Util::unwrapIfClosure(value: '...')
#18 /home/cabox/workspace/iisp/vendor/laravel/framework/src/Illuminate/Container/BoundMethod.php(35): Illuminate\\Container\\BoundMethod::callBoundMethod(container: '...', callback: '...', default: '...')
#19 /home/cabox/workspace/iisp/vendor/laravel/framework/src/Illuminate/Container/Container.php(662): Illuminate\\Container\\BoundMethod::call(container: '...', callback: '...', parameters: '...', defaultMethod: '...')
#20 /home/cabox/workspace/iisp/vendor/laravel/framework/src/Illuminate/Support/ServiceProvider.php(119): Illuminate\\Foundation\\Application->call(callback: '...', parameters: '...', defaultMethod: '...')
#21 /home/cabox/workspace/iisp/vendor/laravel/framework/src/Illuminate/Foundation/Application.php(1009): App\\Providers\\RouteServiceProvider->callBootedCallbacks()
#22 /home/cabox/workspace/iisp/vendor/laravel/framework/src/Illuminate/Foundation/Application.php(987): Illuminate\\Foundation\\Application->bootProvider(provider: '...')
#23 /home/cabox/workspace/iisp/vendor/laravel/framework/src/Illuminate/Foundation/Application.php(986): Illuminate\\Foundation\\Application->Illuminate\\Foundation\\{closure:/home/cabox/workspace/iisp/vendor/laravel/framework/src/Illuminate/Foundation/Application.php:986-988}(p: '...', '...')
#24 /home/cabox/workspace/iisp/vendor/laravel/framework/src/Illuminate/Foundation/Application.php(986): array_walk(array: '...', callback: '...')
#25 /home/cabox/workspace/iisp/vendor/laravel/framework/src/Illuminate/Foundation/Bootstrap/BootProviders.php(17): Illuminate\\Foundation\\Application->boot()
#26 /home/cabox/workspace/iisp/vendor/laravel/framework/src/Illuminate/Foundation/Application.php(261): Illuminate\\Foundation\\Bootstrap\\BootProviders->bootstrap(app: '...')
#27 /home/cabox/workspace/iisp/vendor/laravel/framework/src/Illuminate/Foundation/Http/Kernel.php(186): Illuminate\\Foundation\\Application->bootstrapWith(bootstrappers: '...')
#28 /home/cabox/workspace/iisp/vendor/laravel/framework/src/Illuminate/Foundation/Http/Kernel.php(170): App\\Http\\Kernel->bootstrap()
#29 /home/cabox/workspace/iisp/vendor/laravel/framework/src/Illuminate/Foundation/Http/Kernel.php(144): App\\Http\\Kernel->sendRequestThroughRouter(request: '...')
#30 /home/cabox/workspace/iisp/public/index.php(51): App\\Http\\Kernel->handle(request: '...')
#31 /home/cabox/workspace/iisp/vendor/laravel/framework/src/Illuminate/Foundation/resources/server.php(16): ()
#32 /home/cabox/workspace/iisp/vendor/laravel/framework/src/Illuminate/Foundation/resources/server.php(0): {main}()
#33 {main}
"} 
[2023-05-05 09:52:54] local.ERROR: SQLSTATE[42S02]: Base table or view not found: 1146 Table 'iispdb.users' doesn't exist (Connection: mysql, SQL: select count(*) as aggregate from `users` where `email` = sample@gmail.com) {"exception":"[object] (Illuminate\\Database\\QueryException(code: 42S02): SQLSTATE[42S02]: Base table or view not found: 1146 Table 'iispdb.users' doesn't exist (Connection: mysql, SQL: select count(*) as aggregate from `users` where `email` = sample@gmail.com) at /home/cabox/workspace/iisp/vendor/laravel/framework/src/Illuminate/Database/Connection.php:793)
[stacktrace]
#0 /home/cabox/workspace/iisp/vendor/laravel/framework/src/Illuminate/Database/Connection.php(753): Illuminate\\Database\\Connection->runQueryCallback()
#1 /home/cabox/workspace/iisp/vendor/laravel/framework/src/Illuminate/Database/Connection.php(405): Illuminate\\Database\\Connection->run()
#2 /home/cabox/workspace/iisp/vendor/laravel/framework/src/Illuminate/Database/Query/Builder.php(2718): Illuminate\\Database\\Connection->select()
#3 /home/cabox/workspace/iisp/vendor/laravel/framework/src/Illuminate/Database/Query/Builder.php(2707): Illuminate\\Database\\Query\\Builder->runSelect()
#4 /home/cabox/workspace/iisp/vendor/laravel/framework/src/Illuminate/Database/Query/Builder.php(3248): Illuminate\\Database\\Query\\Builder->Illuminate\\Database\\Query\\{closure}()
#5 /home/cabox/workspace/iisp/vendor/laravel/framework/src/Illuminate/Database/Query/Builder.php(2706): Illuminate\\Database\\Query\\Builder->onceWithColumns()
#6 /home/cabox/workspace/iisp/vendor/laravel/framework/src/Illuminate/Database/Query/Builder.php(3175): Illuminate\\Database\\Query\\Builder->get()
#7 /home/cabox/workspace/iisp/vendor/laravel/framework/src/Illuminate/Database/Query/Builder.php(3103): Illuminate\\Database\\Query\\Builder->aggregate()
#8 /home/cabox/workspace/iisp/vendor/laravel/framework/src/Illuminate/Validation/DatabasePresenceVerifier.php(54): Illuminate\\Database\\Query\\Builder->count()
#9 /home/cabox/workspace/iisp/vendor/laravel/framework/src/Illuminate/Validation/Concerns/ValidatesAttributes.php(930): Illuminate\\Validation\\DatabasePresenceVerifier->getCount()
#10 /home/cabox/workspace/iisp/vendor/laravel/framework/src/Illuminate/Validation/Validator.php(624): Illuminate\\Validation\\Validator->validateUnique()
#11 /home/cabox/workspace/iisp/vendor/laravel/framework/src/Illuminate/Validation/Validator.php(430): Illuminate\\Validation\\Validator->validateAttribute()
#12 /home/cabox/workspace/iisp/vendor/laravel/framework/src/Illuminate/Validation/Validator.php(461): Illuminate\\Validation\\Validator->passes()
#13 /home/cabox/workspace/iisp/vendor/laravel/framework/src/Illuminate/Validation/Validator.php(503): Illuminate\\Validation\\Validator->fails()
#14 /home/cabox/workspace/iisp/vendor/laravel/framework/src/Illuminate/Foundation/Providers/FoundationServiceProvider.php(122): Illuminate\\Validation\\Validator->validate()
#15 /home/cabox/workspace/iisp/vendor/laravel/framework/src/Illuminate/Macroable/Traits/Macroable.php(124): Illuminate\\Http\\Request->Illuminate\\Foundation\\Providers\\{closure}()
#16 /home/cabox/workspace/iisp/app/Http/Controllers/UserController.php(19): Illuminate\\Http\\Request->__call()
#17 /home/cabox/workspace/iisp/vendor/laravel/framework/src/Illuminate/Routing/Controller.php(54): App\\Http\\Controllers\\UserController->store()
#18 /home/cabox/workspace/iisp/vendor/laravel/framework/src/Illuminate/Routing/ControllerDispatcher.php(43): Illuminate\\Routing\\Controller->callAction()
#19 /home/cabox/workspace/iisp/vendor/laravel/framework/src/Illuminate/Routing/Route.php(259): Illuminate\\Routing\\ControllerDispatcher->dispatch()
#20 /home/cabox/workspace/iisp/vendor/laravel/framework/src/Illuminate/Routing/Route.php(205): Illuminate\\Routing\\Route->runController()
#21 /home/cabox/workspace/iisp/vendor/laravel/framework/src/Illuminate/Routing/Router.php(798): Illuminate\\Routing\\Route->run()
#22 /home/cabox/workspace/iisp/vendor/laravel/framework/src/Illuminate/Pipeline/Pipeline.php(141): Illuminate\\Routing\\Router->Illuminate\\Routing\\{closure}()
#23 /home/cabox/workspace/iisp/vendor/laravel/framework/src/Illuminate/Routing/Middleware/SubstituteBindings.php(50): Illuminate\\Pipeline\\Pipeline->Illuminate\\Pipeline\\{closure}()
#24 /home/cabox/workspace/iisp/vendor/laravel/framework/src/Illuminate/Pipeline/Pipeline.php(180): Illuminate\\Routing\\Middleware\\SubstituteBindings->handle()
#25 /home/cabox/workspace/iisp/vendor/laravel/framework/src/Illuminate/Foundation/Http/Middleware/VerifyCsrfToken.php(78): Illuminate\\Pipeline\\Pipeline->Illuminate\\Pipeline\\{closure}()
#26 /home/cabox/workspace/iisp/vendor/laravel/framework/src/Illuminate/Pipeline/Pipeline.php(180): Illuminate\\Foundation\\Http\\Middleware\\VerifyCsrfToken->handle()
#27 /home/cabox/workspace/iisp/vendor/laravel/framework/src/Illuminate/View/Middleware/ShareErrorsFromSession.php(49): Illuminate\\Pipeline\\Pipeline->Illuminate\\Pipeline\\{closure}()
#28 /home/cabox/workspace/iisp/vendor/laravel/framework/src/Illuminate/Pipeline/Pipeline.php(180): Illuminate\\View\\Middleware\\ShareErrorsFromSession->handle()
#29 /home/cabox/workspace/iisp/vendor/laravel/framework/src/Illuminate/Session/Middleware/StartSession.php(121): Illuminate\\Pipeline\\Pipeline->Illuminate\\Pipeline\\{closure}()
#30 /home/cabox/workspace/iisp/vendor/laravel/framework/src/Illuminate/Session/Middleware/StartSession.php(64): Illuminate\\Session\\Middleware\\StartSession->handleStatefulRequest()
#31 /home/cabox/workspace/iisp/vendor/laravel/framework/src/Illuminate/Pipeline/Pipeline.php(180): Illuminate\\Session\\Middleware\\StartSession->handle()
#32 /home/cabox/workspace/iisp/vendor/laravel/framework/src/Illuminate/Cookie/Middleware/AddQueuedCookiesToResponse.php(37): Illuminate\\Pipeline\\Pipeline->Illuminate\\Pipeline\\{closure}()
#33 /home/cabox/workspace/iisp/vendor/laravel/framework/src/Illuminate/Pipeline/Pipeline.php(180): Illuminate\\Cookie\\Middleware\\AddQueuedCookiesToResponse->handle()
#34 /home/cabox/workspace/iisp/vendor/laravel/framework/src/Illuminate/Cookie/Middleware/EncryptCookies.php(67): Illuminate\\Pipeline\\Pipeline->Illuminate\\Pipeline\\{closure}()
#35 /home/cabox/workspace/iisp/vendor/laravel/framework/src/Illuminate/Pipeline/Pipeline.php(180): Illuminate\\Cookie\\Middleware\\EncryptCookies->handle()
#36 /home/cabox/workspace/iisp/vendor/laravel/framework/src/Illuminate/Pipeline/Pipeline.php(116): Illuminate\\Pipeline\\Pipeline->Illuminate\\Pipeline\\{closure}()
#37 /home/cabox/workspace/iisp/vendor/laravel/framework/src/Illuminate/Routing/Router.php(797): Illuminate\\Pipeline\\Pipeline->then()
#38 /home/cabox/workspace/iisp/vendor/laravel/framework/src/Illuminate/Routing/Router.php(776): Illuminate\\Routing\\Router->runRouteWithinStack()
#39 /home/cabox/workspace/iisp/vendor/laravel/framework/src/Illuminate/Routing/Router.php(740): Illuminate\\Routing\\Router->runRoute()
#40 /home/cabox/workspace/iisp/vendor/laravel/framework/src/Illuminate/Routing/Router.php(729): Illuminate\\Routing\\Router->dispatchToRoute()
#41 /home/cabox/workspace/iisp/vendor/laravel/framework/src/Illuminate/Foundation/Http/Kernel.php(200): Illuminate\\Routing\\Router->dispatch()
#42 /home/cabox/workspace/iisp/vendor/laravel/framework/src/Illuminate/Pipeline/Pipeline.php(141): Illuminate\\Foundation\\Http\\Kernel->Illuminate\\Foundation\\Http\\{closure}()
#43 /home/cabox/workspace/iisp/vendor/laravel/framework/src/Illuminate/Foundation/Http/Middleware/TransformsRequest.php(21): Illuminate\\Pipeline\\Pipeline->Illuminate\\Pipeline\\{closure}()
#44 /home/cabox/workspace/iisp/vendor/laravel/framework/src/Illuminate/Foundation/Http/Middleware/ConvertEmptyStringsToNull.php(31): Illuminate\\Foundation\\Http\\Middleware\\TransformsRequest->handle()
#45 /home/cabox/workspace/iisp/vendor/laravel/framework/src/Illuminate/Pipeline/Pipeline.php(180): Illuminate\\Foundation\\Http\\Middleware\\ConvertEmptyStringsToNull->handle()
#46 /home/cabox/workspace/iisp/vendor/laravel/framework/src/Illuminate/Foundation/Http/Middleware/TransformsRequest.php(21): Illuminate\\Pipeline\\Pipeline->Illuminate\\Pipeline\\{closure}()
#47 /home/cabox/workspace/iisp/vendor/laravel/framework/src/Illuminate/Foundation/Http/Middleware/TrimStrings.php(40): Illuminate\\Foundation\\Http\\Middleware\\TransformsRequest->handle()
#48 /home/cabox/workspace/iisp/vendor/laravel/framework/src/Illuminate/Pipeline/Pipeline.php(180): Illuminate\\Foundation\\Http\\Middleware\\TrimStrings->handle()
#49 /home/cabox/workspace/iisp/vendor/laravel/framework/src/Illuminate/Foundation/Http/Middleware/ValidatePostSize.php(27): Illuminate\\Pipeline\\Pipeline->Illuminate\\Pipeline\\{closure}()
#50 /home/cabox/workspace/iisp/vendor/laravel/framework/src/Illuminate/Pipeline/Pipeline.php(180): Illuminate\\Foundation\\Http\\Middleware\\ValidatePostSize->handle()
#51 /home/cabox/workspace/iisp/vendor/laravel/framework/src/Illuminate/Foundation/Http/Middleware/PreventRequestsDuringMaintenance.php(86): Illuminate\\Pipeline\\Pipeline->Illuminate\\Pipeline\\{closure}()
#52 /home/cabox/workspace/iisp/vendor/laravel/framework/src/Illuminate/Pipeline/Pipeline.php(180): Illuminate\\Foundation\\Http\\Middleware\\PreventRequestsDuringMaintenance->handle()
#53 /home/cabox/workspace/iisp/vendor/laravel/framework/src/Illuminate/Http/Middleware/HandleCors.php(49): Illuminate\\Pipeline\\Pipeline->Illuminate\\Pipeline\\{closure}()
#54 /home/cabox/workspace/iisp/vendor/laravel/framework/src/Illuminate/Pipeline/Pipeline.php(180): Illuminate\\Http\\Middleware\\HandleCors->handle()
#55 /home/cabox/workspace/iisp/vendor/laravel/framework/src/Illuminate/Http/Middleware/TrustProxies.php(39): Illuminate\\Pipeline\\Pipeline->Illuminate\\Pipeline\\{closure}()
#56 /home/cabox/workspace/iisp/vendor/laravel/framework/src/Illuminate/Pipeline/Pipeline.php(180): Illuminate\\Http\\Middleware\\TrustProxies->handle()
#57 /home/cabox/workspace/iisp/vendor/laravel/framework/src/Illuminate/Pipeline/Pipeline.php(116): Illuminate\\Pipeline\\Pipeline->Illuminate\\Pipeline\\{closure}()
#58 /home/cabox/workspace/iisp/vendor/laravel/framework/src/Illuminate/Foundation/Http/Kernel.php(175): Illuminate\\Pipeline\\Pipeline->then()
#59 /home/cabox/workspace/iisp/vendor/laravel/framework/src/Illuminate/Foundation/Http/Kernel.php(144): Illuminate\\Foundation\\Http\\Kernel->sendRequestThroughRouter()
#60 /home/cabox/workspace/iisp/public/index.php(51): Illuminate\\Foundation\\Http\\Kernel->handle()
#61 /home/cabox/workspace/iisp/vendor/laravel/framework/src/Illuminate/Foundation/resources/server.php(16): require_once('...')
#62 {main}

[previous exception] [object] (PDOException(code: 42S02): SQLSTATE[42S02]: Base table or view not found: 1146 Table 'iispdb.users' doesn't exist at /home/cabox/workspace/iisp/vendor/laravel/framework/src/Illuminate/Database/Connection.php:414)
[stacktrace]
#0 /home/cabox/workspace/iisp/vendor/laravel/framework/src/Illuminate/Database/Connection.php(414): PDO->prepare()
#1 /home/cabox/workspace/iisp/vendor/laravel/framework/src/Illuminate/Database/Connection.php(786): Illuminate\\Database\\Connection->Illuminate\\Database\\{closure}()
#2 /home/cabox/workspace/iisp/vendor/laravel/framework/src/Illuminate/Database/Connection.php(753): Illuminate\\Database\\Connection->runQueryCallback()
#3 /home/cabox/workspace/iisp/vendor/laravel/framework/src/Illuminate/Database/Connection.php(405): Illuminate\\Database\\Connection->run()
#4 /home/cabox/workspace/iisp/vendor/laravel/framework/src/Illuminate/Database/Query/Builder.php(2718): Illuminate\\Database\\Connection->select()
#5 /home/cabox/workspace/iisp/vendor/laravel/framework/src/Illuminate/Database/Query/Builder.php(2707): Illuminate\\Database\\Query\\Builder->runSelect()
#6 /home/cabox/workspace/iisp/vendor/laravel/framework/src/Illuminate/Database/Query/Builder.php(3248): Illuminate\\Database\\Query\\Builder->Illuminate\\Database\\Query\\{closure}()
#7 /home/cabox/workspace/iisp/vendor/laravel/framework/src/Illuminate/Database/Query/Builder.php(2706): Illuminate\\Database\\Query\\Builder->onceWithColumns()
#8 /home/cabox/workspace/iisp/vendor/laravel/framework/src/Illuminate/Database/Query/Builder.php(3175): Illuminate\\Database\\Query\\Builder->get()
#9 /home/cabox/workspace/iisp/vendor/laravel/framework/src/Illuminate/Database/Query/Builder.php(3103): Illuminate\\Database\\Query\\Builder->aggregate()
#10 /home/cabox/workspace/iisp/vendor/laravel/framework/src/Illuminate/Validation/DatabasePresenceVerifier.php(54): Illuminate\\Database\\Query\\Builder->count()
#11 /home/cabox/workspace/iisp/vendor/laravel/framework/src/Illuminate/Validation/Concerns/ValidatesAttributes.php(930): Illuminate\\Validation\\DatabasePresenceVerifier->getCount()
#12 /home/cabox/workspace/iisp/vendor/laravel/framework/src/Illuminate/Validation/Validator.php(624): Illuminate\\Validation\\Validator->validateUnique()
#13 /home/cabox/workspace/iisp/vendor/laravel/framework/src/Illuminate/Validation/Validator.php(430): Illuminate\\Validation\\Validator->validateAttribute()
#14 /home/cabox/workspace/iisp/vendor/laravel/framework/src/Illuminate/Validation/Validator.php(461): Illuminate\\Validation\\Validator->passes()
#15 /home/cabox/workspace/iisp/vendor/laravel/framework/src/Illuminate/Validation/Validator.php(503): Illuminate\\Validation\\Validator->fails()
#16 /home/cabox/workspace/iisp/vendor/laravel/framework/src/Illuminate/Foundation/Providers/FoundationServiceProvider.php(122): Illuminate\\Validation\\Validator->validate()
#17 /home/cabox/workspace/iisp/vendor/laravel/framework/src/Illuminate/Macroable/Traits/Macroable.php(124): Illuminate\\Http\\Request->Illuminate\\Foundation\\Providers\\{closure}()
#18 /home/cabox/workspace/iisp/app/Http/Controllers/UserController.php(19): Illuminate\\Http\\Request->__call()
#19 /home/cabox/workspace/iisp/vendor/laravel/framework/src/Illuminate/Routing/Controller.php(54): App\\Http\\Controllers\\UserController->store()
#20 /home/cabox/workspace/iisp/vendor/laravel/framework/src/Illuminate/Routing/ControllerDispatcher.php(43): Illuminate\\Routing\\Controller->callAction()
#21 /home/cabox/workspace/iisp/vendor/laravel/framework/src/Illuminate/Routing/Route.php(259): Illuminate\\Routing\\ControllerDispatcher->dispatch()
#22 /home/cabox/workspace/iisp/vendor/laravel/framework/src/Illuminate/Routing/Route.php(205): Illuminate\\Routing\\Route->runController()
#23 /home/cabox/workspace/iisp/vendor/laravel/framework/src/Illuminate/Routing/Router.php(798): Illuminate\\Routing\\Route->run()
#24 /home/cabox/workspace/iisp/vendor/laravel/framework/src/Illuminate/Pipeline/Pipeline.php(141): Illuminate\\Routing\\Router->Illuminate\\Routing\\{closure}()
#25 /home/cabox/workspace/iisp/vendor/laravel/framework/src/Illuminate/Routing/Middleware/SubstituteBindings.php(50): Illuminate\\Pipeline\\Pipeline->Illuminate\\Pipeline\\{closure}()
#26 /home/cabox/workspace/iisp/vendor/laravel/framework/src/Illuminate/Pipeline/Pipeline.php(180): Illuminate\\Routing\\Middleware\\SubstituteBindings->handle()
#27 /home/cabox/workspace/iisp/vendor/laravel/framework/src/Illuminate/Foundation/Http/Middleware/VerifyCsrfToken.php(78): Illuminate\\Pipeline\\Pipeline->Illuminate\\Pipeline\\{closure}()
#28 /home/cabox/workspace/iisp/vendor/laravel/framework/src/Illuminate/Pipeline/Pipeline.php(180): Illuminate\\Foundation\\Http\\Middleware\\VerifyCsrfToken->handle()
#29 /home/cabox/workspace/iisp/vendor/laravel/framework/src/Illuminate/View/Middleware/ShareErrorsFromSession.php(49): Illuminate\\Pipeline\\Pipeline->Illuminate\\Pipeline\\{closure}()
#30 /home/cabox/workspace/iisp/vendor/laravel/framework/src/Illuminate/Pipeline/Pipeline.php(180): Illuminate\\View\\Middleware\\ShareErrorsFromSession->handle()
#31 /home/cabox/workspace/iisp/vendor/laravel/framework/src/Illuminate/Session/Middleware/StartSession.php(121): Illuminate\\Pipeline\\Pipeline->Illuminate\\Pipeline\\{closure}()
#32 /home/cabox/workspace/iisp/vendor/laravel/framework/src/Illuminate/Session/Middleware/StartSession.php(64): Illuminate\\Session\\Middleware\\StartSession->handleStatefulRequest()
#33 /home/cabox/workspace/iisp/vendor/laravel/framework/src/Illuminate/Pipeline/Pipeline.php(180): Illuminate\\Session\\Middleware\\StartSession->handle()
#34 /home/cabox/workspace/iisp/vendor/laravel/framework/src/Illuminate/Cookie/Middleware/AddQueuedCookiesToResponse.php(37): Illuminate\\Pipeline\\Pipeline->Illuminate\\Pipeline\\{closure}()
#35 /home/cabox/workspace/iisp/vendor/laravel/framework/src/Illuminate/Pipeline/Pipeline.php(180): Illuminate\\Cookie\\Middleware\\AddQueuedCookiesToResponse->handle()
#36 /home/cabox/workspace/iisp/vendor/laravel/framework/src/Illuminate/Cookie/Middleware/EncryptCookies.php(67): Illuminate\\Pipeline\\Pipeline->Illuminate\\Pipeline\\{closure}()
#37 /home/cabox/workspace/iisp/vendor/laravel/framework/src/Illuminate/Pipeline/Pipeline.php(180): Illuminate\\Cookie\\Middleware\\EncryptCookies->handle()
#38 /home/cabox/workspace/iisp/vendor/laravel/framework/src/Illuminate/Pipeline/Pipeline.php(116): Illuminate\\Pipeline\\Pipeline->Illuminate\\Pipeline\\{closure}()
#39 /home/cabox/workspace/iisp/vendor/laravel/framework/src/Illuminate/Routing/Router.php(797): Illuminate\\Pipeline\\Pipeline->then()
#40 /home/cabox/workspace/iisp/vendor/laravel/framework/src/Illuminate/Routing/Router.php(776): Illuminate\\Routing\\Router->runRouteWithinStack()
#41 /home/cabox/workspace/iisp/vendor/laravel/framework/src/Illuminate/Routing/Router.php(740): Illuminate\\Routing\\Router->runRoute()
#42 /home/cabox/workspace/iisp/vendor/laravel/framework/src/Illuminate/Routing/Router.php(729): Illuminate\\Routing\\Router->dispatchToRoute()
#43 /home/cabox/workspace/iisp/vendor/laravel/framework/src/Illuminate/Foundation/Http/Kernel.php(200): Illuminate\\Routing\\Router->dispatch()
#44 /home/cabox/workspace/iisp/vendor/laravel/framework/src/Illuminate/Pipeline/Pipeline.php(141): Illuminate\\Foundation\\Http\\Kernel->Illuminate\\Foundation\\Http\\{closure}()
#45 /home/cabox/workspace/iisp/vendor/laravel/framework/src/Illuminate/Foundation/Http/Middleware/TransformsRequest.php(21): Illuminate\\Pipeline\\Pipeline->Illuminate\\Pipeline\\{closure}()
#46 /home/cabox/workspace/iisp/vendor/laravel/framework/src/Illuminate/Foundation/Http/Middleware/ConvertEmptyStringsToNull.php(31): Illuminate\\Foundation\\Http\\Middleware\\TransformsRequest->handle()
#47 /home/cabox/workspace/iisp/vendor/laravel/framework/src/Illuminate/Pipeline/Pipeline.php(180): Illuminate\\Foundation\\Http\\Middleware\\ConvertEmptyStringsToNull->handle()
#48 /home/cabox/workspace/iisp/vendor/laravel/framework/src/Illuminate/Foundation/Http/Middleware/TransformsRequest.php(21): Illuminate\\Pipeline\\Pipeline->Illuminate\\Pipeline\\{closure}()
#49 /home/cabox/workspace/iisp/vendor/laravel/framework/src/Illuminate/Foundation/Http/Middleware/TrimStrings.php(40): Illuminate\\Foundation\\Http\\Middleware\\TransformsRequest->handle()
#50 /home/cabox/workspace/iisp/vendor/laravel/framework/src/Illuminate/Pipeline/Pipeline.php(180): Illuminate\\Foundation\\Http\\Middleware\\TrimStrings->handle()
#51 /home/cabox/workspace/iisp/vendor/laravel/framework/src/Illuminate/Foundation/Http/Middleware/ValidatePostSize.php(27): Illuminate\\Pipeline\\Pipeline->Illuminate\\Pipeline\\{closure}()
#52 /home/cabox/workspace/iisp/vendor/laravel/framework/src/Illuminate/Pipeline/Pipeline.php(180): Illuminate\\Foundation\\Http\\Middleware\\ValidatePostSize->handle()
#53 /home/cabox/workspace/iisp/vendor/laravel/framework/src/Illuminate/Foundation/Http/Middleware/PreventRequestsDuringMaintenance.php(86): Illuminate\\Pipeline\\Pipeline->Illuminate\\Pipeline\\{closure}()
#54 /home/cabox/workspace/iisp/vendor/laravel/framework/src/Illuminate/Pipeline/Pipeline.php(180): Illuminate\\Foundation\\Http\\Middleware\\PreventRequestsDuringMaintenance->handle()
#55 /home/cabox/workspace/iisp/vendor/laravel/framework/src/Illuminate/Http/Middleware/HandleCors.php(49): Illuminate\\Pipeline\\Pipeline->Illuminate\\Pipeline\\{closure}()
#56 /home/cabox/workspace/iisp/vendor/laravel/framework/src/Illuminate/Pipeline/Pipeline.php(180): Illuminate\\Http\\Middleware\\HandleCors->handle()
#57 /home/cabox/workspace/iisp/vendor/laravel/framework/src/Illuminate/Http/Middleware/TrustProxies.php(39): Illuminate\\Pipeline\\Pipeline->Illuminate\\Pipeline\\{closure}()
#58 /home/cabox/workspace/iisp/vendor/laravel/framework/src/Illuminate/Pipeline/Pipeline.php(180): Illuminate\\Http\\Middleware\\TrustProxies->handle()
#59 /home/cabox/workspace/iisp/vendor/laravel/framework/src/Illuminate/Pipeline/Pipeline.php(116): Illuminate\\Pipeline\\Pipeline->Illuminate\\Pipeline\\{closure}()
#60 /home/cabox/workspace/iisp/vendor/laravel/framework/src/Illuminate/Foundation/Http/Kernel.php(175): Illuminate\\Pipeline\\Pipeline->then()
#61 /home/cabox/workspace/iisp/vendor/laravel/framework/src/Illuminate/Foundation/Http/Kernel.php(144): Illuminate\\Foundation\\Http\\Kernel->sendRequestThroughRouter()
#62 /home/cabox/workspace/iisp/public/index.php(51): Illuminate\\Foundation\\Http\\Kernel->handle()
#63 /home/cabox/workspace/iisp/vendor/laravel/framework/src/Illuminate/Foundation/resources/server.php(16): require_once('...')
#64 {main}
"} 
